[W5|11:24:32] [INI]  Worker iniciado (PID: 6608)
[W5|11:24:32] [SIN]  Proxy: http://92.112.134.232:5676
  [Login] Iniciando sesión...
[W5|11:25:18] [ERR]  Error crítico: Fallo en login: Page.wait_for_selector: Timeout 30000ms exceeded.
Call log:
  - waiting for locator(".brands") to be visible

[W5|11:25:18] Resumen -> Procesados: [OK] 0 | [ERR] 0
[W5|11:35:16] [INI]  Worker iniciado (PID: 15792)
[W5|11:35:16] [SIN]  Proxy: http://109.196.161.33:6481
  [Login] Iniciando sesión...
[W5|11:35:39] [ERR]  Error crítico: Fallo en login: Page.wait_for_selector: Target page, context or browser has been closed
Call log:
  - waiting for locator(".brands") to be visible

[W5|11:35:39] Resumen -> Procesados: [OK] 0 | [ERR] 0
[W5|11:40:21] [INI]  Worker iniciado (PID: 15756)
[W5|11:40:21] [SIN]  Proxy: http://64.137.89.244:6317
  [Login] Iniciando sesión...
  [Login] [OK] Login exitoso
  [Login] Seleccionando marca Orange...
  [Login] [OK] Marca Orange seleccionada
  [Login] Preparando entorno (nuevo acto comercial)...
[W5|11:41:26] [ERR]  Error crítico: Fallo al armar entorno: Locator.click: Timeout 30000ms exceeded.
Call log:
  - waiting for locator("li:has-text('Tarifas')").first
    - locator resolved to <li id="linkComercialClient_btn_rates_1_190" class="o-comp__link-comercial-client__btn-menu-list-item" data-ng-disabled="linkComercialClientCtrl.checkingPoCRecommendation()" data-ng-attr-id="{{'linkComercialClient_btn_rates_' + linkComercialClientCtrl.index + '_'| uniqueId }}" ng-click="linkComercialClientCtrl.goToAlta(linkComercialClientCtrl.owcs.listDeepLink.urlCatalogoTarifas)">…</li>
  - attempting click action
    2 × waiting for element to be visible, enabled and stable
      - element is not visible
    - retrying click action
    - waiting 20ms
    2 × waiting for element to be visible, enabled and stable
      - element is not visible
    - retrying click action
      - waiting 100ms
    57 × waiting for element to be visible, enabled and stable
       - element is not visible
     - retrying click action
       - waiting 500ms

[W5|11:41:26] Resumen -> Procesados: [OK] 0 | [ERR] 0
