[W3|11:24:32] [INI]  Worker iniciado (PID: 26372)
[W3|11:24:32] [SIN]  Proxy: http://46.203.198.133:6577
  [Login] Iniciando sesión...
[W3|11:25:17] [ERR]  Error crítico: Fallo en login: Page.wait_for_selector: Timeout 30000ms exceeded.
Call log:
  - waiting for locator(".brands") to be visible

[W3|11:25:17] Resumen -> Procesados: [OK] 0 | [ERR] 0
[W3|11:35:16] [INI]  Worker iniciado (PID: 26332)
[W3|11:35:16] [SIN]  Proxy: http://64.137.96.62:6629
  [Login] Iniciando sesión...
[W3|11:35:38] [ERR]  Error crítico: Fallo en login: Page.wait_for_selector: Target page, context or browser has been closed
Call log:
  - waiting for locator(".brands") to be visible

[W3|11:35:39] Resumen -> Procesados: [OK] 0 | [ERR] 0
[W3|11:40:21] [INI]  Worker iniciado (PID: 27604)
[W3|11:40:21] [SIN]  Proxy: http://94.46.206.40:6813
  [Login] Iniciando sesión...
  [Login] [OK] Login exitoso
  [Login] Seleccionando marca Orange...
  [Login] [OK] Marca Orange seleccionada
  [Login] Preparando entorno (nuevo acto comercial)...
  [Login] [OK] Entorno listo
[W3|11:41:10] [LOCK] Login exitoso
  [Extracción] Buscando: 53230039N (Intento 1)
  [Extracción] Verificando procesamiento...
  [Extracción] Cargando ficha de cliente...
  [Extracción] [CIMA] Cliente CIMA detectado (barra superior)
  [Extracción] Cliente: Jorge Galvań Molina | DNI: 53230039N | Paquete: Love Empresa Impulsa 1
  [Extracción] Dirección: CALLE SAN GREGORIO, Nş 31, 03009, ALICANTE/ALACANT, ALICANTE
  [Extracción] Página 1 de líneas...
    -> Línea: 965186669
    -> Línea: 650596020
    -> Línea: 677532041
    -> Línea: 695870284
[W3|11:41:33] [SAVE] 53230039N -> completado
[W3|11:41:34] [SAVE] 53230039N -> completado
[W3|11:41:35] [SAVE] 53230039N -> completado
[W3|11:41:36] [SAVE] 53230039N -> completado
[W3|11:41:36] [OK]  53230039N: 4 líneas
  [Extracción] Buscando: 29002136X (Intento 1)
  [Extracción] Verificando procesamiento...
  [Extracción] Cargando ficha de cliente...
  [Extracción] [CIMA] Cliente CIMA detectado (barra superior)
  [Extracción] Cliente: MARIA DE LOS ANGELES RIQUELME RIQUELME | DNI: 29002136X | Paquete: Go Empresa Flex
  [Extracción] Dirección: TRAVESIA MAYOR, Nş 3, BA 03316, PARROQUIA DE LA MATANZA, ALICANTE
  [Extracción] Página 1 de líneas...
    -> Línea: 699205123
    -> Línea: 652996171
[W3|11:41:56] [SAVE] 29002136X -> completado
[W3|11:41:57] [SAVE] 29002136X -> completado
[W3|11:41:57] [OK]  29002136X: 2 líneas
  [Extracción] Buscando: 53707177S (Intento 1)
  [Extracción] Verificando procesamiento...
  [Extracción] Cargando ficha de cliente...
  [Extracción] [CIMA] Cliente CIMA detectado (barra superior)
  [Extracción] Cliente: DANIEL JOSE ACIEN ALVAREZ | DNI: 53707177S | Paquete: Love Empresa Impulsa 3
  [Extracción] Dirección: CALLE JACINTO BENAVENTE, Nş 23, 04700, EL EJIDO, ALMERIA
  [Extracción] Página 1 de líneas...
    -> Línea: 950377142
    -> Línea: 622950081
    -> Línea: 647806064
    -> Línea: 649911281
    -> Línea: 615198002
[W3|11:42:32] [SAVE] 53707177S -> completado
[W3|11:42:33] [SAVE] 53707177S -> completado
[W3|11:42:33] [SAVE] 53707177S -> completado
[W3|11:42:34] [SAVE] 53707177S -> completado
[W3|11:42:35] [SAVE] 53707177S -> completado
[W3|11:42:35] [OK]  53707177S: 5 líneas
  [Extracción] Buscando: 08907904G (Intento 1)
  [Extracción] Verificando procesamiento...
  [Extracción] Cargando ficha de cliente...
  [Extracción] [CIMA] Cliente CIMA detectado (barra superior)
  [Extracción] Cliente: ARACELI VILLEGAS LOPEZ | DNI: 08907904G | Paquete: Love Empresa Crece 5
  [Extracción] Dirección: CALLE FRAGATA, Nş 31, BA - BAJO, 04711, ALMERIMAR, ALMERIA
  [Extracción] Página 1 de líneas...
    -> Línea: 950562277
    -> Línea: 600648227
    -> Línea: 635058330
    -> Línea: 653786483
    -> Línea: 663313781
    -> Línea: 665807661
  [Extracción] -> Siguiente página de líneas...
  [Extracción] Página 2 de líneas...
    -> Línea: 658197892
    -> Línea: 625039669
[W3|11:43:17] [SAVE] 08907904G -> completado
[W3|11:43:18] [SAVE] 08907904G -> completado
[W3|11:43:19] [SAVE] 08907904G -> completado
[W3|11:43:20] [SAVE] 08907904G -> completado
[W3|11:43:21] [SAVE] 08907904G -> completado
[W3|11:43:21] [SAVE] 08907904G -> completado
[W3|11:43:22] [SAVE] 08907904G -> completado
[W3|11:43:23] [SAVE] 08907904G -> completado
[W3|11:43:23] [OK]  08907904G: 8 líneas
  [Extracción] Buscando: 45652380W (Intento 1)
  [Extracción] [WARN] Error recuperable: Page.wait_for_selector: Timeout 10000ms exceeded.
Call log:
  - waiting for locator("input[ng-model='locatorCtrl.inputDocument']") to be visible

  [Extracción] [RETRY] Recuperando sesión (3 intentos con F5)...
  [Login] Preparando entorno (nuevo acto comercial)...
  [Extracción] F5 #1 falló: Fallo al armar entorno: Locator.click: Timeout 30000ms exceeded.
Call log:
  - waiting for locator("button:has-text('Nuevo acto comercial')").first

  [Login] Preparando entorno (nuevo acto comercial)...
  [Extracción] F5 #2 falló: Fallo al armar entorno: Locator.click: Timeout 30000ms exceeded.
Call log:
  - waiting for locator("button:has-text('Nuevo acto comercial')").first

  [Login] Preparando entorno (nuevo acto comercial)...
  [Extracción] F5 #3 falló: Fallo al armar entorno: Locator.click: Timeout 30000ms exceeded.
Call log:
  - waiting for locator("button:has-text('Nuevo acto comercial')").first

  [Extracción] [FAIL] No se pudo recuperar tras 3 F5
  [Extracción] Buscando: 45652380W (Intento 2)
  [Extracción] Verificando procesamiento...
  [Extracción] Cargando ficha de cliente...
  [Extracción] [CIMA] Cliente CIMA detectado (barra superior)
  [Extracción] Cliente: BELEN MARIA PEREZ RAMIREZ | DNI: 45652380W | Paquete: Love Empresa Activa
  [Extracción] Dirección: CALLE ADA, Nş 10, 003 - A, 41007, SEVILLA, SEVILLA
  [Extracción] Página 1 de líneas...
    -> Línea: 955104489
    -> Línea: 658850732
    -> Línea: 615137068
    -> Línea: 691170220
[W3|11:46:05] [SAVE] 45652380W -> completado
[W3|11:46:05] [SAVE] 45652380W -> completado
[W3|11:46:07] [SAVE] 45652380W -> completado
[W3|11:46:08] [SAVE] 45652380W -> completado
[W3|11:46:08] [OK]  45652380W: 4 líneas
  [Extracción] Buscando: 50694743Y (Intento 1)
  [Extracción] Verificando procesamiento...
  [Extracción] Cargando ficha de cliente...
  [Extracción] [CIMA] Cliente CIMA detectado (barra superior)
  [Extracción] Cliente: MARIA JOSE VAZQUEZ LOPEZ | DNI: 50694743Y | Paquete: Go Empresa Flex
  [Extracción] Dirección: CALLE LUIS DE SALAZAR, Nş 12, 4ş - D, 28002, MADRID, MADRID
  [Extracción] Página 1 de líneas...
    -> Línea: 603243290
    -> Línea: 625203307
    -> Línea: 656385603
[W3|11:46:32] [SAVE] 50694743Y -> completado
[W3|11:46:33] [SAVE] 50694743Y -> completado
[W3|11:46:34] [SAVE] 50694743Y -> completado
[W3|11:46:34] [OK]  50694743Y: 3 líneas
  [Extracción] Buscando: 33266886P (Intento 1)
  [Extracción] Verificando procesamiento...
  [Extracción] Cargando ficha de cliente...
  [Extracción] [CIMA] Cliente CIMA detectado (barra superior)
  [Extracción] Cliente: PATRICIA TOURIŃO LADO | DNI: 33266886P | Paquete: Love Empresa Impulsa 1
  [Extracción] Dirección: CALLE RUA NOVA, Nş 43, BA 15702, SANTIAGO DE COMPOSTELA, A CORUNA
  [Extracción] Página 1 de líneas...
    -> Línea: 981585303
    -> Línea: 673097092
    -> Línea: 665546779
[W3|11:46:54] [SAVE] 33266886P -> completado
[W3|11:46:54] [SAVE] 33266886P -> completado
[W3|11:46:55] [SAVE] 33266886P -> completado
[W3|11:46:55] [OK]  33266886P: 3 líneas
  [Extracción] Buscando: 19837586V (Intento 1)
  [Extracción] Verificando procesamiento...
  [Extracción] [FAIL] 19837586V NO ES CLIENTE
  [Login] Preparando entorno (nuevo acto comercial)...
[W3|11:47:41] [SAVE] 19837586V -> no_cliente
[W3|11:47:41] [OK]  19837586V: 1 líneas
  [Extracción] Buscando: 53230039N (Intento 1)
  [Extracción] Verificando procesamiento...
  [Extracción] Cargando ficha de cliente...
  [Extracción] [CIMA] Cliente CIMA detectado (barra superior)
  [Extracción] Cliente: Jorge Galvań Molina | DNI: 53230039N | Paquete: Love Empresa Impulsa 1
  [Extracción] Dirección: CALLE SAN GREGORIO, Nş 31, 03009, ALICANTE/ALACANT, ALICANTE
  [Extracción] Página 1 de líneas...
    -> Línea: 965186669
    -> Línea: 650596020
    -> Línea: 677532041
    -> Línea: 695870284
[W3|11:48:03] [SAVE] 53230039N -> completado
[W3|11:48:03] [SAVE] 53230039N -> completado
[W3|11:48:04] [SAVE] 53230039N -> completado
[W3|11:48:05] [SAVE] 53230039N -> completado
[W3|11:48:05] [OK]  53230039N: 4 líneas
  [Extracción] Buscando: 20153961G (Intento 1)
  [Extracción] Verificando procesamiento...
  [Extracción] Cargando ficha de cliente...
  [Extracción] [CIMA] Cliente CIMA detectado (barra superior)
  [Extracción] Cliente: JOSE ANTONIO MUŃOZ SEDEŃO | DNI: 20153961G | Paquete: Love Empresa Crece 5
  [Extracción] Dirección: CALLE DEL MIG, Nş 2, 46131, BONREPOS I MIRAMBELL, VALENCIA
  [Extracción] Página 1 de líneas...
    -> Línea: 961855147
    -> Línea: 666279471
    -> Línea: 605857039
    -> Línea: 659195767
    -> Línea: 664054786
    -> Línea: 670365192
  [Extracción] -> Siguiente página de líneas...
  [Extracción] Página 2 de líneas...
    -> Línea: 654457369
    -> Línea: 961851531
    -> Línea: 960723772
    -> Línea: 960721977
[W3|11:48:45] [SAVE] 20153961G -> completado
[W3|11:48:46] [SAVE] 20153961G -> completado
[W3|11:48:47] [SAVE] 20153961G -> completado
[W3|11:48:47] [SAVE] 20153961G -> completado
[W3|11:48:48] [SAVE] 20153961G -> completado
[W3|11:48:49] [SAVE] 20153961G -> completado
[W3|11:48:50] [SAVE] 20153961G -> completado
[W3|11:48:50] [SAVE] 20153961G -> completado
[W3|11:48:51] [SAVE] 20153961G -> completado
[W3|11:48:52] [SAVE] 20153961G -> completado
[W3|11:48:52] [OK]  20153961G: 10 líneas
  [Extracción] Buscando: 34846227P (Intento 1)
  [Extracción] Verificando procesamiento...
  [Extracción] Cargando ficha de cliente...
  [Extracción] [CIMA] Cliente CIMA detectado (barra superior)
  [Extracción] Cliente: GUILLERMO JUAN EXPOSITO PEREZ | DNI: 34846227P | Paquete: Love Empresa Impulsa 3
  [Extracción] Dirección: CALLE EUCLIDES, Nş 13, 04230, HUERCAL DE ALMERIA, ALMERIA
  [Extracción] Página 1 de líneas...
    -> Línea: 950080381
    -> Línea: 629582732
    -> Línea: 606951233
    -> Línea: 665841248
    -> Línea: 651836497
    -> Línea: 695693984
[W3|11:49:26] [SAVE] 34846227P -> completado
[W3|11:49:27] [SAVE] 34846227P -> completado
[W3|11:49:27] [SAVE] 34846227P -> completado
[W3|11:49:28] [SAVE] 34846227P -> completado
[W3|11:49:29] [SAVE] 34846227P -> completado
[W3|11:49:30] [SAVE] 34846227P -> completado
[W3|11:49:30] [OK]  34846227P: 6 líneas
  [Extracción] Buscando: 28920356H (Intento 1)
  [Extracción] Verificando procesamiento...
  [Extracción] Cargando ficha de cliente...
  [Extracción] [CIMA] Cliente CIMA detectado (barra superior)
  [Extracción] Cliente: MARIA DEL CARMEN PEREZ JIMENEZ | DNI: 28920356H | Paquete: Love Empresa Impulsa 3
  [Extracción] Dirección: CALLE VIRGEN DE LA ESTRELLA, Nş 4, - LO, 41011, SEVILLA, SEVILLA
  [Extracción] Página 1 de líneas...
    -> Línea: 955729699
    -> Línea: 635071733
    -> Línea: 605831836
    -> Línea: 685134727
    -> Línea: 635678472
    -> Línea: 692980397
[W3|11:49:54] [SAVE] 28920356H -> completado
[W3|11:49:55] [SAVE] 28920356H -> completado
[W3|11:49:56] [SAVE] 28920356H -> completado
[W3|11:49:57] [SAVE] 28920356H -> completado
[W3|11:49:58] [SAVE] 28920356H -> completado
[W3|11:49:58] [SAVE] 28920356H -> completado
[W3|11:49:58] [OK]  28920356H: 6 líneas
  [Extracción] Buscando: 28478516P (Intento 1)
  [Extracción] Verificando procesamiento...
  [Extracción] [FAIL] 28478516P NO ES CLIENTE
  [Login] Preparando entorno (nuevo acto comercial)...
[W3|11:50:45] [SAVE] 28478516P -> no_cliente
[W3|11:50:45] [OK]  28478516P: 1 líneas
  [Extracción] Buscando: 74626641J (Intento 1)
  [Extracción] Verificando procesamiento...
  [Extracción] Cargando ficha de cliente...
  [Extracción] [CIMA] Cliente CIMA detectado (barra superior)
  [Extracción] Cliente: EMILIO CORRAL VICO | DNI: 74626641J | Paquete: 4G
  [Extracción] Dirección: CALLE CEREZO, Nş 1, PTL-1, 18800, BAZA, GRANADA
  [Extracción] Página 1 de líneas...
    -> Línea: 675203904
    -> Línea: 695187141
[W3|11:51:05] [SAVE] 74626641J -> completado
[W3|11:51:06] [SAVE] 74626641J -> completado
[W3|11:51:06] [OK]  74626641J: 2 líneas
  [Extracción] Buscando: 48960768R (Intento 1)
  [Extracción] Verificando procesamiento...
  [Extracción] Cargando ficha de cliente...
  [Extracción] [CIMA] Cliente CIMA detectado (barra superior)
  [Extracción] Cliente: JOSE LUIS SIERRA LOPEZ | DNI: 48960768R | Paquete: Love Empresa Crece 5
  [Extracción] Dirección: CALLE LEOPOLDO ALAS 'CLARÍN', Nş 136, BA 41704, DOS HERMANAS, SEVILLA
  [Extracción] Página 1 de líneas...
    -> Línea: 955415658
    -> Línea: 615977635
    -> Línea: 644538535
    -> Línea: 647828189
    -> Línea: 649687740
    -> Línea: 652559466
[W3|11:51:39] [SAVE] 48960768R -> completado
[W3|11:51:40] [SAVE] 48960768R -> completado
[W3|11:51:41] [SAVE] 48960768R -> completado
[W3|11:51:42] [SAVE] 48960768R -> completado
[W3|11:51:42] [SAVE] 48960768R -> completado
[W3|11:51:43] [SAVE] 48960768R -> completado
[W3|11:51:43] [OK]  48960768R: 6 líneas
  [Extracción] Buscando: 29606747C (Intento 1)
  [Extracción] Verificando procesamiento...
  [Extracción] Cargando ficha de cliente...
  [Extracción] [CIMA] Cliente CIMA detectado (barra superior)
  [Extracción] Cliente: JUAN JOSE ROMERO RODRIGUEZ | DNI: 29606747C | Paquete: Love Empresa Crece 5
  [Extracción] Dirección: AVENIDA ARBOLEDA, Nş 144, 21440, LEPE, HUELVA
  [Extracción] Página 1 de líneas...
    -> Línea: 959738880
    -> Línea: 666600289
    -> Línea: 654834810
    -> Línea: 658693721
    -> Línea: 689965456
    -> Línea: 697661534
  [Extracción] -> Siguiente página de líneas...
  [Extracción] Página 2 de líneas...
    -> Línea: 695341268
[W3|11:52:20] [SAVE] 29606747C -> completado
[W3|11:52:21] [SAVE] 29606747C -> completado
[W3|11:52:21] [SAVE] 29606747C -> completado
[W3|11:52:22] [SAVE] 29606747C -> completado
[W3|11:52:23] [SAVE] 29606747C -> completado
[W3|11:52:24] [SAVE] 29606747C -> completado
[W3|11:52:25] [SAVE] 29606747C -> completado
[W3|11:52:25] [OK]  29606747C: 7 líneas
  [Extracción] Buscando: 75552284K (Intento 1)
  [Extracción] [WARN] Error recuperable: Page.wait_for_selector: Timeout 10000ms exceeded.
Call log:
  - waiting for locator("input[ng-model='locatorCtrl.inputDocument']") to be visible

  [Extracción] [RETRY] Recuperando sesión (3 intentos con F5)...
  [Login] Preparando entorno (nuevo acto comercial)...
  [Extracción] F5 #1 falló: Fallo al armar entorno: Locator.click: Timeout 30000ms exceeded.
Call log:
  - waiting for locator("button:has-text('Nuevo acto comercial')").first

  [Login] Preparando entorno (nuevo acto comercial)...
  [Extracción] F5 #2 falló: Fallo al armar entorno: Locator.click: Timeout 30000ms exceeded.
Call log:
  - waiting for locator("button:has-text('Nuevo acto comercial')").first

  [Login] Preparando entorno (nuevo acto comercial)...
  [Extracción] F5 #3 falló: Fallo al armar entorno: Locator.click: Timeout 30000ms exceeded.
Call log:
  - waiting for locator("button:has-text('Nuevo acto comercial')").first

  [Extracción] [FAIL] No se pudo recuperar tras 3 F5
  [Extracción] Buscando: 75552284K (Intento 2)
  [Extracción] Verificando procesamiento...
  [Extracción] Cargando ficha de cliente...
  [Extracción] [CIMA] Cliente CIMA detectado (barra superior)
  [Extracción] Cliente: MARIA PILAR TERRIZA DIAZ | DNI: 75552284K | Paquete: Love Empresa Smart
  [Extracción] Dirección: AVENIDA CONSTITUCIÓN, Nş 23, 21710, BOLLULLOS PAR DEL CONDADO, HUELVA
  [Extracción] Página 1 de líneas...
    -> Línea: 959410878
    -> Línea: 652950916
[W3|11:55:02] [SAVE] 75552284K -> completado
[W3|11:55:03] [SAVE] 75552284K -> completado
[W3|11:55:03] [OK]  75552284K: 2 líneas
  [Extracción] Buscando: 29002136X (Intento 1)
  [Extracción] Verificando procesamiento...
  [Extracción] Cargando ficha de cliente...
  [Extracción] [CIMA] Cliente CIMA detectado (barra superior)
  [Extracción] Cliente: MARIA DE LOS ANGELES RIQUELME RIQUELME | DNI: 29002136X | Paquete: Go Empresa Flex
  [Extracción] Dirección: TRAVESIA MAYOR, Nş 3, BA 03316, PARROQUIA DE LA MATANZA, ALICANTE
  [Extracción] Página 1 de líneas...
    -> Línea: 699205123
    -> Línea: 652996171
[W3|11:55:23] [SAVE] 29002136X -> completado
[W3|11:55:24] [SAVE] 29002136X -> completado
[W3|11:55:24] [OK]  29002136X: 2 líneas
  [Extracción] Buscando: 53707177S (Intento 1)
  [Extracción] Verificando procesamiento...
  [Extracción] Cargando ficha de cliente...
  [Extracción] [CIMA] Cliente CIMA detectado (barra superior)
  [Extracción] Cliente: DANIEL JOSE ACIEN ALVAREZ | DNI: 53707177S | Paquete: Love Empresa Impulsa 3
  [Extracción] Dirección: CALLE JACINTO BENAVENTE, Nş 23, 04700, EL EJIDO, ALMERIA
  [Extracción] Página 1 de líneas...